<?xml version="1.0" encoding="UTF-8"?>
<testng-results ignored="0" total="1" passed="1" failed="0" skipped="0">
  <reporter-output>
  </reporter-output>
  <suite started-at="2022-11-19T15:43:18 IST" name="Default suite" finished-at="2022-11-19T15:43:22 IST" duration-ms="4071">
    <groups>
    </groups>
    <test started-at="2022-11-19T15:43:18 IST" name="Default test" finished-at="2022-11-19T15:43:22 IST" duration-ms="4071">
      <class name="response.validation.GetAlrespval">
        <test-method signature="respvalgetALL()[pri:0, instance:response.validation.GetAlrespval@2cd2a21f]" started-at="2022-11-19T15:43:18 IST" name="respvalgetALL" finished-at="2022-11-19T15:43:22 IST" duration-ms="3991" status="PASS">
          <reporter-output>
          </reporter-output>
        </test-method> <!-- respvalgetALL -->
      </class> <!-- response.validation.GetAlrespval -->
    </test> <!-- Default test -->
  </suite> <!-- Default suite -->
</testng-results>
